<?xml version="1.0" encoding="UTF-8"?>
<!-- Generated by org.testng.reporters.JUnitReportReporter -->
<testsuite hostname="Nagesh-24731" failures="0" tests="3" name="com.flipkart.qa.testcases.LoginPageTest" time="28.918" errors="0" timestamp="2021-10-07T10:50:39 IST" skipped="0">
  <testcase classname="com.flipkart.qa.testcases.LoginPageTest" name="RequestvalidationTest" time="9.247"/>
  <system-out/>
  <testcase classname="com.flipkart.qa.testcases.LoginPageTest" name="signupvalidationTest" time="8.009"/>
  <system-out/>
  <testcase classname="com.flipkart.qa.testcases.LoginPageTest" name="LoginvalidationTest" time="11.662"/>
  <system-out/>
</testsuite> <!-- com.flipkart.qa.testcases.LoginPageTest -->
